{"/Users/cesconmatteo/Desktop/PoC/backend/src/environment/environment.ts": {"path":"/Users/cesconmatteo/Desktop/PoC/backend/src/environment/environment.ts","statementMap":{"0":{"start":{"line":50,"column":33},"end":{"line":67,"column":2}},"1":{"start":{"line":71,"column":9},"end":{"line":71,"column":20}}},"fnMap":{},"branchMap":{},"s":{"0":1,"1":1},"f":{},"b":{}}
,"/Users/cesconmatteo/Desktop/PoC/backend/src/services/dynamodb.ts": {"path":"/Users/cesconmatteo/Desktop/PoC/backend/src/services/dynamodb.ts","statementMap":{"0":{"start":{"line":1,"column":0},"end":{"line":1,"column":93}},"1":{"start":{"line":2,"column":0},"end":{"line":2,"column":157}},"2":{"start":{"line":3,"column":0},"end":{"line":3,"column":58}},"3":{"start":{"line":7,"column":0},"end":{"line":7,"column":50}},"4":{"start":{"line":9,"column":18},"end":{"line":16,"column":2}},"5":{"start":{"line":18,"column":24},"end":{"line":25,"column":2}},"6":{"start":{"line":27,"column":26},"end":{"line":30,"column":2}},"7":{"start":{"line":32,"column":24},"end":{"line":32,"column":62}},"8":{"start":{"line":34,"column":21},"end":{"line":34,"column":76}},"9":{"start":{"line":36,"column":23},"end":{"line":49,"column":1}},"10":{"start":{"line":38,"column":16},"end":{"line":41,"column":3}},"11":{"start":{"line":42,"column":1},"end":{"line":48,"column":null}},"12":{"start":{"line":43,"column":15},"end":{"line":43,"column":62}},"13":{"start":{"line":44,"column":2},"end":{"line":44,"column":55}},"14":{"start":{"line":46,"column":2},"end":{"line":46,"column":34}},"15":{"start":{"line":47,"column":2},"end":{"line":47,"column":12}},"16":{"start":{"line":149,"column":9},"end":{"line":149,"column":23}},"17":{"start":{"line":51,"column":18},"end":{"line":64,"column":1}},"18":{"start":{"line":53,"column":16},"end":{"line":56,"column":3}},"19":{"start":{"line":57,"column":1},"end":{"line":63,"column":null}},"20":{"start":{"line":58,"column":15},"end":{"line":58,"column":62}},"21":{"start":{"line":59,"column":2},"end":{"line":59,"column":55}},"22":{"start":{"line":61,"column":2},"end":{"line":61,"column":34}},"23":{"start":{"line":62,"column":2},"end":{"line":62,"column":12}},"24":{"start":{"line":149,"column":61},"end":{"line":149,"column":70}},"25":{"start":{"line":66,"column":23},"end":{"line":81,"column":1}},"26":{"start":{"line":68,"column":33},"end":{"line":71,"column":3}},"27":{"start":{"line":72,"column":1},"end":{"line":79,"column":null}},"28":{"start":{"line":73,"column":15},"end":{"line":73,"column":62}},"29":{"start":{"line":74,"column":2},"end":{"line":74,"column":37}},"30":{"start":{"line":75,"column":2},"end":{"line":75,"column":19}},"31":{"start":{"line":77,"column":2},"end":{"line":77,"column":34}},"32":{"start":{"line":78,"column":2},"end":{"line":78,"column":26}},"33":{"start":{"line":149,"column":25},"end":{"line":149,"column":39}},"34":{"start":{"line":83,"column":27},"end":{"line":101,"column":1}},"35":{"start":{"line":85,"column":35},"end":{"line":91,"column":3}},"36":{"start":{"line":92,"column":1},"end":{"line":99,"column":null}},"37":{"start":{"line":93,"column":15},"end":{"line":93,"column":64}},"38":{"start":{"line":94,"column":2},"end":{"line":94,"column":37}},"39":{"start":{"line":95,"column":2},"end":{"line":95,"column":20}},"40":{"start":{"line":97,"column":2},"end":{"line":97,"column":34}},"41":{"start":{"line":98,"column":2},"end":{"line":98,"column":27}},"42":{"start":{"line":149,"column":41},"end":{"line":149,"column":59}},"43":{"start":{"line":103,"column":23},"end":{"line":115,"column":1}},"44":{"start":{"line":104,"column":16},"end":{"line":107,"column":3}},"45":{"start":{"line":108,"column":1},"end":{"line":114,"column":null}},"46":{"start":{"line":109,"column":15},"end":{"line":109,"column":62}},"47":{"start":{"line":110,"column":2},"end":{"line":110,"column":55}},"48":{"start":{"line":112,"column":2},"end":{"line":112,"column":34}},"49":{"start":{"line":113,"column":2},"end":{"line":113,"column":12}},"50":{"start":{"line":149,"column":72},"end":{"line":149,"column":86}},"51":{"start":{"line":117,"column":19},"end":{"line":131,"column":1}},"52":{"start":{"line":118,"column":36},"end":{"line":124,"column":3}},"53":{"start":{"line":125,"column":1},"end":{"line":130,"column":null}},"54":{"start":{"line":126,"column":14},"end":{"line":126,"column":68}},"55":{"start":{"line":127,"column":2},"end":{"line":127,"column":45}},"56":{"start":{"line":129,"column":2},"end":{"line":129,"column":19}},"57":{"start":{"line":149,"column":88},"end":{"line":149,"column":98}},"58":{"start":{"line":133,"column":16},"end":{"line":147,"column":1}},"59":{"start":{"line":134,"column":33},"end":{"line":140,"column":3}},"60":{"start":{"line":141,"column":1},"end":{"line":146,"column":null}},"61":{"start":{"line":142,"column":14},"end":{"line":142,"column":65}},"62":{"start":{"line":143,"column":2},"end":{"line":143,"column":36}},"63":{"start":{"line":145,"column":2},"end":{"line":145,"column":19}},"64":{"start":{"line":149,"column":100},"end":{"line":149,"column":107}}},"fnMap":{"0":{"name":"(anonymous_0)","decl":{"start":{"line":36,"column":23},"end":{"line":36,"column":28}},"loc":{"start":{"line":36,"column":58},"end":{"line":49,"column":1}}},"1":{"name":"(anonymous_1)","decl":{"start":{"line":51,"column":18},"end":{"line":51,"column":23}},"loc":{"start":{"line":51,"column":43},"end":{"line":64,"column":1}}},"2":{"name":"(anonymous_2)","decl":{"start":{"line":66,"column":23},"end":{"line":66,"column":28}},"loc":{"start":{"line":66,"column":67},"end":{"line":81,"column":1}}},"3":{"name":"(anonymous_3)","decl":{"start":{"line":83,"column":27},"end":{"line":83,"column":32}},"loc":{"start":{"line":83,"column":55},"end":{"line":101,"column":1}}},"4":{"name":"(anonymous_4)","decl":{"start":{"line":103,"column":23},"end":{"line":103,"column":28}},"loc":{"start":{"line":103,"column":47},"end":{"line":115,"column":1}}},"5":{"name":"(anonymous_5)","decl":{"start":{"line":117,"column":19},"end":{"line":117,"column":24}},"loc":{"start":{"line":117,"column":54},"end":{"line":131,"column":1}}},"6":{"name":"(anonymous_6)","decl":{"start":{"line":133,"column":16},"end":{"line":133,"column":21}},"loc":{"start":{"line":133,"column":51},"end":{"line":147,"column":1}}}},"branchMap":{},"s":{"0":1,"1":1,"2":1,"3":1,"4":1,"5":1,"6":1,"7":1,"8":1,"9":1,"10":0,"11":0,"12":0,"13":0,"14":0,"15":0,"16":1,"17":1,"18":0,"19":0,"20":0,"21":0,"22":0,"23":0,"24":1,"25":1,"26":0,"27":0,"28":0,"29":0,"30":0,"31":0,"32":0,"33":1,"34":1,"35":0,"36":0,"37":0,"38":0,"39":0,"40":0,"41":0,"42":1,"43":1,"44":1,"45":1,"46":1,"47":0,"48":0,"49":0,"50":1,"51":1,"52":0,"53":0,"54":0,"55":0,"56":0,"57":1,"58":1,"59":1,"60":1,"61":1,"62":1,"63":0,"64":1},"f":{"0":0,"1":0,"2":0,"3":0,"4":1,"5":0,"6":1},"b":{}}
}
