{"C:\\Users\\bepi2\\Desktop\\git SWE\\Submarines-backend\\src\\functions\\translations\\getAll\\index.ts": {"path":"C:\\Users\\bepi2\\Desktop\\git SWE\\Submarines-backend\\src\\functions\\translations\\getAll\\index.ts","statementMap":{"0":{"start":{"line":1,"column":0},"end":{"line":1,"column":53}},"1":{"start":{"line":3,"column":0},"end":{"line":13,"column":2}}},"fnMap":{},"branchMap":{},"s":{"0":1,"1":1},"f":{},"b":{}}
,"C:\\Users\\bepi2\\Desktop\\git SWE\\Submarines-backend\\src\\libs\\handler-resolver.ts": {"path":"C:\\Users\\bepi2\\Desktop\\git SWE\\Submarines-backend\\src\\libs\\handler-resolver.ts","statementMap":{"0":{"start":{"line":1,"column":27},"end":{"line":3,"column":1}},"1":{"start":{"line":2,"column":2},"end":{"line":2,"column":null}},"2":{"start":{"line":1,"column":13},"end":{"line":1,"column":27}}},"fnMap":{"0":{"name":"(anonymous_0)","decl":{"start":{"line":1,"column":27},"end":{"line":1,"column":28}},"loc":{"start":{"line":1,"column":47},"end":{"line":3,"column":1}}}},"branchMap":{},"s":{"0":1,"1":1,"2":1},"f":{"0":1},"b":{}}
}
