TN:
SF:src/environment/environment.ts
FNF:0
FNH:0
DA:50,1
DA:71,1
LF:2
LH:2
BRF:0
BRH:0
end_of_record
TN:
SF:src/services/dynamodb.ts
FN:36,(anonymous_0)
FN:51,(anonymous_1)
FN:66,(anonymous_2)
FN:83,(anonymous_3)
FN:103,(anonymous_4)
FN:117,(anonymous_5)
FN:133,(anonymous_6)
FNF:7
FNH:2
FNDA:0,(anonymous_0)
FNDA:0,(anonymous_1)
FNDA:0,(anonymous_2)
FNDA:0,(anonymous_3)
FNDA:1,(anonymous_4)
FNDA:0,(anonymous_5)
FNDA:1,(anonymous_6)
DA:1,1
DA:2,1
DA:3,1
DA:7,1
DA:9,1
DA:18,1
DA:27,1
DA:32,1
DA:34,1
DA:36,1
DA:38,0
DA:42,0
DA:43,0
DA:44,0
DA:46,0
DA:47,0
DA:51,1
DA:53,0
DA:57,0
DA:58,0
DA:59,0
DA:61,0
DA:62,0
DA:66,1
DA:68,0
DA:72,0
DA:73,0
DA:74,0
DA:75,0
DA:77,0
DA:78,0
DA:83,1
DA:85,0
DA:92,0
DA:93,0
DA:94,0
DA:95,0
DA:97,0
DA:98,0
DA:103,1
DA:104,1
DA:108,1
DA:109,1
DA:110,0
DA:112,0
DA:113,0
DA:117,1
DA:118,0
DA:125,0
DA:126,0
DA:127,0
DA:129,0
DA:133,1
DA:134,1
DA:141,1
DA:142,1
DA:143,1
DA:145,0
DA:149,1
LF:59
LH:24
BRF:0
BRH:0
end_of_record
